<?xml version="1.0" encoding="UTF-8"?>
<!-- Generated by org.testng.reporters.JUnitXMLReporter -->
<testsuite ignored="0" hostname="DESKTOP-FTDKB7K" failures="0" tests="2" name="Default test" time="9.71" errors="0" timestamp="2022-12-22T12:32:29 IST">
  <testcase classname="WebApplicationTesting.OHRM.UsingXpathGmailApplicationAutomation" name="automatingEmailOrPhone" time="0.543"/>
  <testcase classname="WebApplicationTesting.OHRM.UsingXpathGmailApplicationAutomation" name="autoMatingNext" time="5.114"/>
</testsuite> <!-- Default test -->
