<?xml version="1.0" encoding="UTF-8"?>
<testng-results ignored="0" total="2" passed="2" failed="0" skipped="0">
  <reporter-output>
  </reporter-output>
  <suite started-at="2022-12-22T12:32:19 IST" name="Default suite" finished-at="2022-12-22T12:32:29 IST" duration-ms="9710">
    <groups>
    </groups>
    <test started-at="2022-12-22T12:32:19 IST" name="Default test" finished-at="2022-12-22T12:32:29 IST" duration-ms="9710">
      <class name="WebApplicationTesting.OHRM.UsingXpathGmailApplicationAutomation">
        <test-method is-config="true" signature="setUp()[pri:0, instance:WebApplicationTesting.OHRM.UsingXpathGmailApplicationAutomation@28f3b248]" started-at="2022-12-22T12:32:19 IST" name="setUp" finished-at="2022-12-22T12:32:23 IST" duration-ms="3606" status="PASS">
          <reporter-output>
          </reporter-output>
        </test-method> <!-- setUp -->
        <test-method signature="automatingEmailOrPhone()[pri:1, instance:WebApplicationTesting.OHRM.UsingXpathGmailApplicationAutomation@28f3b248]" started-at="2022-12-22T12:32:23 IST" name="automatingEmailOrPhone" finished-at="2022-12-22T12:32:23 IST" duration-ms="543" status="PASS">
          <reporter-output>
          </reporter-output>
        </test-method> <!-- automatingEmailOrPhone -->
        <test-method signature="autoMatingNext()[pri:2, instance:WebApplicationTesting.OHRM.UsingXpathGmailApplicationAutomation@28f3b248]" started-at="2022-12-22T12:32:23 IST" name="autoMatingNext" finished-at="2022-12-22T12:32:29 IST" duration-ms="5114" status="PASS">
          <reporter-output>
          </reporter-output>
        </test-method> <!-- autoMatingNext -->
        <test-method is-config="true" signature="tearDown()[pri:0, instance:WebApplicationTesting.OHRM.UsingXpathGmailApplicationAutomation@28f3b248]" started-at="2022-12-22T12:32:29 IST" name="tearDown" finished-at="2022-12-22T12:32:29 IST" duration-ms="395" status="PASS">
          <reporter-output>
          </reporter-output>
        </test-method> <!-- tearDown -->
      </class> <!-- WebApplicationTesting.OHRM.UsingXpathGmailApplicationAutomation -->
    </test> <!-- Default test -->
  </suite> <!-- Default suite -->
</testng-results>
